# JRE version: 7.0_21-b02
# Java VM: OpenJDK Client VM (23.7-b01 mixed mode, sharing linux-x86 )
Heap
 def new generation   total 5184K, used 3668K [0x6e940000, 0x6eed0000, 0x793e0000)
  eden space 4672K,  67% used [0x6e940000, 0x6ec551e0, 0x6edd0000)
  from space 512K, 100% used [0x6ee50000, 0x6eed0000, 0x6eed0000)
  to   space 512K,   0% used [0x6edd0000, 0x6edd0000, 0x6ee50000)
 tenured generation   total 11328K, used 9659K [0x793e0000, 0x79ef0000, 0x8e940000)
   the space 11328K,  85% used [0x793e0000, 0x79d4ecd8, 0x79d4ee00, 0x79ef0000)
 compacting perm gen  total 12288K, used 7531K [0x8e940000, 0x8f540000, 0x92940000)
   the space 12288K,  61% used [0x8e940000, 0x8f09ac68, 0x8f09ae00, 0x8f540000)
    ro space 10240K,  60% used [0x92940000, 0x92f528f0, 0x92f52a00, 0x93340000)
    rw space 12288K,  61% used [0x93340000, 0x93aa8c88, 0x93aa8e00, 0x93f40000)
GC Heap History (10 events):
Event: 15723.461 GC heap before
{Heap before GC invocations=374 (full 2):
 def new generation   total 5184K, used 4707K [0x6e940000, 0x6eed0000, 0x793e0000)
  eden space 4672K, 100% used [0x6e940000, 0x6edd0000, 0x6edd0000)
  from space 512K,   6% used [0x6edd0000, 0x6edd8da8, 0x6ee50000)
  to   space 512K,   0% used [0x6ee50000, 0x6ee50000, 0x6eed0000)
 tenured generation   total 11328K, used 7461K [0x793e0000, 0x79ef0000, 0x8e940000)
   the space 11328K,  65% used [0x793e0000, 0x79b297d8, 0x79b29800, 0x79ef0000)
 compacting perm gen  total 12288K, used 7531K [0x8e940000, 0x8f540000, 0x92940000)
   the space 12288K,  61% used [0x8e940000, 0x8f09ac68, 0x8f09ae00, 0x8f540000)
    ro space 10240K,  60% used [0x92940000, 0x92f528f0, 0x92f52a00, 0x93340000)
    rw space 12288K,  61% used [0x93340000, 0x93aa8c88, 0x93aa8e00, 0x93f40000)
Event: 15723.462 GC heap after
Heap after GC invocations=375 (full 2):
 def new generation   total 5184K, used 63K [0x6e940000, 0x6eed0000, 0x793e0000)
  eden space 4672K,   0% used [0x6e940000, 0x6e940000, 0x6edd0000)
  from space 512K,  12% used [0x6ee50000, 0x6ee5fc10, 0x6eed0000)
  to   space 512K,   0% used [0x6edd0000, 0x6edd0000, 0x6ee50000)
 tenured generation   total 11328K, used 7461K [0x793e0000, 0x79ef0000, 0x8e940000)
   the space 11328K,  65% used [0x793e0000, 0x79b297d8, 0x79b29800, 0x79ef0000)
 compacting perm gen  total 12288K, used 7531K [0x8e940000, 0x8f540000, 0x92940000)
   the space 12288K,  61% used [0x8e940000, 0x8f09ac68, 0x8f09ae00, 0x8f540000)
    ro space 10240K,  60% used [0x92940000, 0x92f528f0, 0x92f52a00, 0x93340000)
    rw space 12288K,  61% used [0x93340000, 0x93aa8c88, 0x93aa8e00, 0x93f40000)
}
Event: 15723.995 GC heap before
{Heap before GC invocations=375 (full 2):
 def new generation   total 5184K, used 4735K [0x6e940000, 0x6eed0000, 0x793e0000)
  eden space 4672K, 100% used [0x6e940000, 0x6edd0000, 0x6edd0000)
  from space 512K,  12% used [0x6ee50000, 0x6ee5fc10, 0x6eed0000)
  to   space 512K,   0% used [0x6edd0000, 0x6edd0000, 0x6ee50000)
 tenured generation   total 11328K, used 7461K [0x793e0000, 0x79ef0000, 0x8e940000)
   the space 11328K,  65% used [0x793e0000, 0x79b297d8, 0x79b29800, 0x79ef0000)
 compacting perm gen  total 12288K, used 7531K [0x8e940000, 0x8f540000, 0x92940000)
   the space 12288K,  61% used [0x8e940000, 0x8f09ac68, 0x8f09ae00, 0x8f540000)
    ro space 10240K,  60% used [0x92940000, 0x92f528f0, 0x92f52a00, 0x93340000)
    rw space 12288K,  61% used [0x93340000, 0x93aa8c88, 0x93aa8e00, 0x93f40000)
Event: 15724.000 GC heap after
Heap after GC invocations=376 (full 2):
 def new generation   total 5184K, used 512K [0x6e940000, 0x6eed0000, 0x793e0000)
  eden space 4672K,   0% used [0x6e940000, 0x6e940000, 0x6edd0000)
  from space 512K, 100% used [0x6edd0000, 0x6ee50000, 0x6ee50000)
  to   space 512K,   0% used [0x6ee50000, 0x6ee50000, 0x6eed0000)
 tenured generation   total 11328K, used 7595K [0x793e0000, 0x79ef0000, 0x8e940000)
   the space 11328K,  67% used [0x793e0000, 0x79b4aca8, 0x79b4ae00, 0x79ef0000)
 compacting perm gen  total 12288K, used 7531K [0x8e940000, 0x8f540000, 0x92940000)
   the space 12288K,  61% used [0x8e940000, 0x8f09ac68, 0x8f09ae00, 0x8f540000)
    ro space 10240K,  60% used [0x92940000, 0x92f528f0, 0x92f52a00, 0x93340000)
    rw space 12288K,  61% used [0x93340000, 0x93aa8c88, 0x93aa8e00, 0x93f40000)
}
Event: 15724.061 GC heap before
{Heap before GC invocations=376 (full 2):
 def new generation   total 5184K, used 5184K [0x6e940000, 0x6eed0000, 0x793e0000)
  eden space 4672K, 100% used [0x6e940000, 0x6edd0000, 0x6edd0000)
  from space 512K, 100% used [0x6edd0000, 0x6ee50000, 0x6ee50000)
  to   space 512K,   0% used [0x6ee50000, 0x6ee50000, 0x6eed0000)
 tenured generation   total 11328K, used 7595K [0x793e0000, 0x79ef0000, 0x8e940000)
   the space 11328K,  67% used [0x793e0000, 0x79b4aca8, 0x79b4ae00, 0x79ef0000)
 compacting perm gen  total 12288K, used 7531K [0x8e940000, 0x8f540000, 0x92940000)
   the space 12288K,  61% used [0x8e940000, 0x8f09ac68, 0x8f09ae00, 0x8f540000)
    ro space 10240K,  60% used [0x92940000, 0x92f528f0, 0x92f52a00, 0x93340000)
    rw space 12288K,  61% used [0x93340000, 0x93aa8c88, 0x93aa8e00, 0x93f40000)
Event: 15724.065 GC heap after
Heap after GC invocations=377 (full 2):
 def new generation   total 5184K, used 512K [0x6e940000, 0x6eed0000, 0x793e0000)
  eden space 4672K,   0% used [0x6e940000, 0x6e940000, 0x6edd0000)
  from space 512K, 100% used [0x6ee50000, 0x6eed0000, 0x6eed0000)
  to   space 512K,   0% used [0x6edd0000, 0x6edd0000, 0x6ee50000)
 tenured generation   total 11328K, used 8275K [0x793e0000, 0x79ef0000, 0x8e940000)
   the space 11328K,  73% used [0x793e0000, 0x79bf4dc8, 0x79bf4e00, 0x79ef0000)
 compacting perm gen  total 12288K, used 7531K [0x8e940000, 0x8f540000, 0x92940000)
   the space 12288K,  61% used [0x8e940000, 0x8f09ac68, 0x8f09ae00, 0x8f540000)
    ro space 10240K,  60% used [0x92940000, 0x92f528f0, 0x92f52a00, 0x93340000)
    rw space 12288K,  61% used [0x93340000, 0x93aa8c88, 0x93aa8e00, 0x93f40000)
}
Event: 15724.126 GC heap before
{Heap before GC invocations=377 (full 2):
 def new generation   total 5184K, used 5184K [0x6e940000, 0x6eed0000, 0x793e0000)
  eden space 4672K, 100% used [0x6e940000, 0x6edd0000, 0x6edd0000)
  from space 512K, 100% used [0x6ee50000, 0x6eed0000, 0x6eed0000)
  to   space 512K,   0% used [0x6edd0000, 0x6edd0000, 0x6ee50000)
 tenured generation   total 11328K, used 8275K [0x793e0000, 0x79ef0000, 0x8e940000)
   the space 11328K,  73% used [0x793e0000, 0x79bf4dc8, 0x79bf4e00, 0x79ef0000)
 compacting perm gen  total 12288K, used 7531K [0x8e940000, 0x8f540000, 0x92940000)
   the space 12288K,  61% used [0x8e940000, 0x8f09ac68, 0x8f09ae00, 0x8f540000)
    ro space 10240K,  60% used [0x92940000, 0x92f528f0, 0x92f52a00, 0x93340000)
    rw space 12288K,  61% used [0x93340000, 0x93aa8c88, 0x93aa8e00, 0x93f40000)
Event: 15724.130 GC heap after
Heap after GC invocations=378 (full 2):
 def new generation   total 5184K, used 511K [0x6e940000, 0x6eed0000, 0x793e0000)
  eden space 4672K,   0% used [0x6e940000, 0x6e940000, 0x6edd0000)
  from space 512K,  99% used [0x6edd0000, 0x6ee4fff8, 0x6ee50000)
  to   space 512K,   0% used [0x6ee50000, 0x6ee50000, 0x6eed0000)
 tenured generation   total 11328K, used 8973K [0x793e0000, 0x79ef0000, 0x8e940000)
   the space 11328K,  79% used [0x793e0000, 0x79ca3798, 0x79ca3800, 0x79ef0000)
 compacting perm gen  total 12288K, used 7531K [0x8e940000, 0x8f540000, 0x92940000)
   the space 12288K,  61% used [0x8e940000, 0x8f09ac68, 0x8f09ae00, 0x8f540000)
    ro space 10240K,  60% used [0x92940000, 0x92f528f0, 0x92f52a00, 0x93340000)
    rw space 12288K,  61% used [0x93340000, 0x93aa8c88, 0x93aa8e00, 0x93f40000)
}
Event: 15724.198 GC heap before
{Heap before GC invocations=378 (full 2):
 def new generation   total 5184K, used 5183K [0x6e940000, 0x6eed0000, 0x793e0000)
  eden space 4672K, 100% used [0x6e940000, 0x6edd0000, 0x6edd0000)
  from space 512K,  99% used [0x6edd0000, 0x6ee4fff8, 0x6ee50000)
  to   space 512K,   0% used [0x6ee50000, 0x6ee50000, 0x6eed0000)
 tenured generation   total 11328K, used 8973K [0x793e0000, 0x79ef0000, 0x8e940000)
   the space 11328K,  79% used [0x793e0000, 0x79ca3798, 0x79ca3800, 0x79ef0000)
 compacting perm gen  total 12288K, used 7531K [0x8e940000, 0x8f540000, 0x92940000)
   the space 12288K,  61% used [0x8e940000, 0x8f09ac68, 0x8f09ae00, 0x8f540000)
    ro space 10240K,  60% used [0x92940000, 0x92f528f0, 0x92f52a00, 0x93340000)
    rw space 12288K,  61% used [0x93340000, 0x93aa8c88, 0x93aa8e00, 0x93f40000)
Event: 15724.202 GC heap after
Heap after GC invocations=379 (full 2):
 def new generation   total 5184K, used 512K [0x6e940000, 0x6eed0000, 0x793e0000)
  eden space 4672K,   0% used [0x6e940000, 0x6e940000, 0x6edd0000)
  from space 512K, 100% used [0x6ee50000, 0x6eed0000, 0x6eed0000)
  to   space 512K,   0% used [0x6edd0000, 0x6edd0000, 0x6ee50000)
 tenured generation   total 11328K, used 9659K [0x793e0000, 0x79ef0000, 0x8e940000)
   the space 11328K,  85% used [0x793e0000, 0x79d4ecd8, 0x79d4ee00, 0x79ef0000)
 compacting perm gen  total 12288K, used 7531K [0x8e940000, 0x8f540000, 0x92940000)
   the space 12288K,  61% used [0x8e940000, 0x8f09ac68, 0x8f09ae00, 0x8f540000)
    ro space 10240K,  60% used [0x92940000, 0x92f528f0, 0x92f52a00, 0x93340000)
    rw space 12288K,  61% used [0x93340000, 0x93aa8c88, 0x93aa8e00, 0x93f40000)
}

